0 info it worked if it ends with ok
1 verbose cli [ '/usr/local/bin/node', '/usr/local/bin/npm', 'publish' ]
2 info using npm@4.1.2
3 info using node@v7.5.0
4 verbose publish [ '.' ]
5 silly cache add args [ '.', null ]
6 verbose cache add spec .
7 silly cache add parsed spec Result {
7 silly cache add   raw: '.',
7 silly cache add   scope: null,
7 silly cache add   escapedName: null,
7 silly cache add   name: null,
7 silly cache add   rawSpec: '.',
7 silly cache add   spec: '/Users/petr/Documents/Projekty/homebridge_garage_door',
7 silly cache add   type: 'directory' }
8 verbose addLocalDirectory /Users/petr/.npm/homebridge-ESPEasyGarageOpener/1.0.0/package.tgz not in flight; packing
9 verbose correctMkdir /Users/petr/.npm correctMkdir not in flight; initializing
10 info lifecycle homebridge-ESPEasyGarageOpener@1.0.0~prepublish: homebridge-ESPEasyGarageOpener@1.0.0
11 silly lifecycle homebridge-ESPEasyGarageOpener@1.0.0~prepublish: no script for prepublish, continuing
12 info lifecycle homebridge-ESPEasyGarageOpener@1.0.0~prepare: homebridge-ESPEasyGarageOpener@1.0.0
13 silly lifecycle homebridge-ESPEasyGarageOpener@1.0.0~prepare: no script for prepare, continuing
14 verbose tar pack [ '/Users/petr/.npm/homebridge-ESPEasyGarageOpener/1.0.0/package.tgz',
14 verbose tar pack   '/Users/petr/Documents/Projekty/homebridge_garage_door' ]
15 verbose tarball /Users/petr/.npm/homebridge-ESPEasyGarageOpener/1.0.0/package.tgz
16 verbose folder /Users/petr/Documents/Projekty/homebridge_garage_door
17 verbose addLocalTarball adding from inside cache /Users/petr/.npm/homebridge-ESPEasyGarageOpener/1.0.0/package.tgz
18 verbose correctMkdir /Users/petr/.npm correctMkdir not in flight; initializing
19 silly cache afterAdd homebridge-ESPEasyGarageOpener@1.0.0
20 verbose afterAdd /Users/petr/.npm/homebridge-ESPEasyGarageOpener/1.0.0/package/package.json not in flight; writing
21 verbose correctMkdir /Users/petr/.npm correctMkdir not in flight; initializing
22 verbose afterAdd /Users/petr/.npm/homebridge-ESPEasyGarageOpener/1.0.0/package/package.json written
23 silly publish { name: 'homebridge-ESPEasyGarageOpener',
23 silly publish   version: '1.0.0',
23 silly publish   description: 'plugin for homebridge',
23 silly publish   main: 'index.js',
23 silly publish   scripts: { test: 'echo "Error: no test specified" && exit 1' },
23 silly publish   repository:
23 silly publish    { type: 'git',
23 silly publish      url: 'git+https://github.com/petrpcr/homebridge_garage_door.git' },
23 silly publish   keywords: [ 'door', 'homebridge-plugin' ],
23 silly publish   author: { name: 'Petr Pokorný' },
23 silly publish   license: 'ISC',
23 silly publish   url: 'https://github.com/petrpcr/homebridge_garage_door/issues',
23 silly publish   homepage: 'https://github.com/petrpcr/homebridge_garage_door#readme',
23 silly publish   engines: { node: '>=0.12.0', homebridge: '>=0.2.0' },
23 silly publish   dependencies: { request: '^2.83.0' },
23 silly publish   readme: '# homebridge-ESPEasyGarageOpener\nPlugin for homebridge\n',
23 silly publish   readmeFilename: 'README.md',
23 silly publish   gitHead: '0a04e9a7f84fb4c03a4d76e36234eb0d16f7b996',
23 silly publish   bugs: { url: 'https://github.com/petrpcr/homebridge_garage_door/issues' },
23 silly publish   _id: 'homebridge-ESPEasyGarageOpener@1.0.0',
23 silly publish   _shasum: 'b4317da4da867d75adffead32387dd1465172848',
23 silly publish   _from: '.' }
24 info lifecycle homebridge-ESPEasyGarageOpener@1.0.0~prepublishOnly: homebridge-ESPEasyGarageOpener@1.0.0
25 silly lifecycle homebridge-ESPEasyGarageOpener@1.0.0~prepublishOnly: no script for prepublishOnly, continuing
26 verbose getPublishConfig undefined
27 silly mapToRegistry name homebridge-ESPEasyGarageOpener
28 silly mapToRegistry using default registry
29 silly mapToRegistry registry https://registry.npmjs.org/
30 silly mapToRegistry data Result {
30 silly mapToRegistry   raw: 'homebridge-ESPEasyGarageOpener',
30 silly mapToRegistry   scope: null,
30 silly mapToRegistry   escapedName: 'homebridge-ESPEasyGarageOpener',
30 silly mapToRegistry   name: 'homebridge-ESPEasyGarageOpener',
30 silly mapToRegistry   rawSpec: '',
30 silly mapToRegistry   spec: 'latest',
30 silly mapToRegistry   type: 'tag' }
31 silly mapToRegistry uri https://registry.npmjs.org/homebridge-ESPEasyGarageOpener
32 verbose publish registryBase https://registry.npmjs.org/
33 silly publish uploading /Users/petr/.npm/homebridge-ESPEasyGarageOpener/1.0.0/package.tgz
34 verbose request uri https://registry.npmjs.org/homebridge-ESPEasyGarageOpener
35 verbose request sending authorization for write operation
36 info attempt registry request try #1 at 21:15:18
37 verbose request using bearer token for auth
38 verbose request id dfd8818d34ef0f4f
39 http request PUT https://registry.npmjs.org/homebridge-ESPEasyGarageOpener
40 http 400 https://registry.npmjs.org/homebridge-ESPEasyGarageOpener
41 verbose headers { 'content-type': 'application/json',
41 verbose headers   'cache-control': 'max-age=300',
41 verbose headers   'content-length': '74',
41 verbose headers   'accept-ranges': 'bytes',
41 verbose headers   date: 'Mon, 19 Feb 2018 20:15:19 GMT',
41 verbose headers   via: '1.1 varnish',
41 verbose headers   connection: 'keep-alive',
41 verbose headers   'x-served-by': 'cache-fra19150-FRA',
41 verbose headers   'x-cache': 'MISS',
41 verbose headers   'x-cache-hits': '0',
41 verbose headers   'x-timer': 'S1519071318.471021,VS0,VE1080',
41 verbose headers   vary: 'Accept-Encoding, Accept' }
42 verbose request invalidating /Users/petr/.npm/registry.npmjs.org/homebridge-ESPEasyGarageOpener on PUT
43 error publish Failed PUT 400
44 verbose stack Error: "homebridge-ESPEasyGarageOpener" is invalid for new packages : homebridge-ESPEasyGarageOpener
44 verbose stack     at makeError (/usr/local/lib/node_modules/npm/node_modules/npm-registry-client/lib/request.js:304:12)
44 verbose stack     at CachingRegistryClient.<anonymous> (/usr/local/lib/node_modules/npm/node_modules/npm-registry-client/lib/request.js:292:14)
44 verbose stack     at Request._callback (/usr/local/lib/node_modules/npm/node_modules/npm-registry-client/lib/request.js:212:14)
44 verbose stack     at Request.self.callback (/usr/local/lib/node_modules/npm/node_modules/request/request.js:186:22)
44 verbose stack     at emitTwo (events.js:106:13)
44 verbose stack     at Request.emit (events.js:192:7)
44 verbose stack     at Request.<anonymous> (/usr/local/lib/node_modules/npm/node_modules/request/request.js:1081:10)
44 verbose stack     at emitOne (events.js:96:13)
44 verbose stack     at Request.emit (events.js:189:7)
44 verbose stack     at IncomingMessage.<anonymous> (/usr/local/lib/node_modules/npm/node_modules/request/request.js:1001:12)
45 verbose statusCode 400
46 verbose pkgid homebridge-ESPEasyGarageOpener
47 verbose cwd /Users/petr/Documents/Projekty/homebridge_garage_door
48 error Darwin 17.3.0
49 error argv "/usr/local/bin/node" "/usr/local/bin/npm" "publish"
50 error node v7.5.0
51 error npm  v4.1.2
52 error code E400
53 error "homebridge-ESPEasyGarageOpener" is invalid for new packages : homebridge-ESPEasyGarageOpener
54 error If you need help, you may report this error at:
54 error     <https://github.com/npm/npm/issues>
55 verbose exit [ 1, true ]
